1504607733216	geckodriver	INFO	geckodriver 0.18.0
1504607733222	geckodriver	INFO	Listening on 127.0.0.1:51563
1504607737151	geckodriver::marionette	INFO	Starting browser C:\Program Files (x86)\Mozilla Firefox\firefox.exe with args ["-marionette"]
1504607737623	addons.manager	DEBUG	Application has been upgraded
1504607737793	addons.manager	DEBUG	Loaded provider scope for resource://gre/modules/addons/XPIProvider.jsm: ["XPIProvider"]
1504607737799	addons.manager	DEBUG	Loaded provider scope for resource://gre/modules/LightweightThemeManager.jsm: ["LightweightThemeManager"]
1504607737813	addons.manager	DEBUG	Loaded provider scope for resource://gre/modules/addons/GMPProvider.jsm
1504607737820	addons.manager	DEBUG	Loaded provider scope for resource://gre/modules/addons/PluginProvider.jsm
1504607737822	addons.manager	DEBUG	Starting provider: XPIProvider
1504607737823	addons.xpi	DEBUG	startup
1504607737824	addons.xpi	INFO	Removing all system add-on upgrades.
1504607737825	addons.xpi	INFO	SystemAddonInstallLocation directory is missing
1504607737829	addons.xpi	INFO	Mapping aushelper@mozilla.org to C:\Program Files (x86)\Mozilla Firefox\browser\features\aushelper@mozilla.org.xpi
1504607737831	addons.xpi	INFO	Mapping e10srollout@mozilla.org to C:\Program Files (x86)\Mozilla Firefox\browser\features\e10srollout@mozilla.org.xpi
1504607737833	addons.xpi	INFO	Mapping firefox@getpocket.com to C:\Program Files (x86)\Mozilla Firefox\browser\features\firefox@getpocket.com.xpi
1504607737833	addons.xpi	INFO	Mapping screenshots@mozilla.org to C:\Program Files (x86)\Mozilla Firefox\browser\features\screenshots@mozilla.org.xpi
1504607737835	addons.xpi	INFO	Mapping webcompat@mozilla.org to C:\Program Files (x86)\Mozilla Firefox\browser\features\webcompat@mozilla.org.xpi
1504607737836	addons.xpi	INFO	Mapping {972ce4c6-7e08-4474-a285-3208198ce6fd} to C:\Program Files (x86)\Mozilla Firefox\browser\extensions\{972ce4c6-7e08-4474-a285-3208198ce6fd}.xpi
1504607737838	addons.xpi	DEBUG	checkForChanges
1504607737838	addons.xpi	INFO	SystemAddonInstallLocation directory is missing
1504607737840	addons.xpi	DEBUG	Loaded add-on state from prefs: {}
1504607737842	addons.xpi	DEBUG	New add-on aushelper@mozilla.org in app-system-defaults
1504607737844	addons.xpi	DEBUG	getModTime: Recursive scan of aushelper@mozilla.org
1504607737846	addons.xpi	DEBUG	New add-on e10srollout@mozilla.org in app-system-defaults
1504607737848	addons.xpi	DEBUG	getModTime: Recursive scan of e10srollout@mozilla.org
1504607737850	addons.xpi	DEBUG	New add-on firefox@getpocket.com in app-system-defaults
1504607737851	addons.xpi	DEBUG	getModTime: Recursive scan of firefox@getpocket.com
1504607737852	addons.xpi	DEBUG	New add-on screenshots@mozilla.org in app-system-defaults
1504607737853	addons.xpi	DEBUG	getModTime: Recursive scan of screenshots@mozilla.org
1504607737854	addons.xpi	DEBUG	New add-on webcompat@mozilla.org in app-system-defaults
1504607737856	addons.xpi	DEBUG	getModTime: Recursive scan of webcompat@mozilla.org
1504607737857	addons.xpi	DEBUG	New add-on {972ce4c6-7e08-4474-a285-3208198ce6fd} in app-global
1504607737858	addons.xpi	DEBUG	getModTime: Recursive scan of {972ce4c6-7e08-4474-a285-3208198ce6fd}
1504607737859	addons.xpi	DEBUG	getInstallState changed: true, state: {"app-system-defaults":{"aushelper@mozilla.org":{"d":"C:\\Program Files (x86)\\Mozilla Firefox\\browser\\features\\aushelper@mozilla.org.xpi","st":1499033812357},"e10srollout@mozilla.org":{"d":"C:\\Program Files (x86)\\Mozilla Firefox\\browser\\features\\e10srollout@mozilla.org.xpi","st":1499033812332},"firefox@getpocket.com":{"d":"C:\\Program Files (x86)\\Mozilla Firefox\\browser\\features\\firefox@getpocket.com.xpi","st":1499033812306},"screenshots@mozilla.org":{"d":"C:\\Program Files (x86)\\Mozilla Firefox\\browser\\features\\screenshots@mozilla.org.xpi","st":1498069336875},"webcompat@mozilla.org":{"d":"C:\\Program Files (x86)\\Mozilla Firefox\\browser\\features\\webcompat@mozilla.org.xpi","st":1499033812269}},"app-global":{"{972ce4c6-7e08-4474-a285-3208198ce6fd}":{"d":"C:\\Program Files (x86)\\Mozilla Firefox\\browser\\extensions\\{972ce4c6-7e08-4474-a285-3208198ce6fd}.xpi","st":1499033812381}}}
1504607737876	addons.xpi-utils	DEBUG	Opening XPI database C:\Users\Yasir\AppData\Local\Temp\rust_mozprofile.UpL5cqOSDHfi\extensions.json
1504607737879	addons.xpi-utils	DEBUG	New add-on aushelper@mozilla.org installed in app-system-defaults
*** Blocklist::_loadBlocklistFromFile: blocklist is disabled
1504607737896	DeferredSave.extensions.json	DEBUG	Save changes
1504607737896	addons.xpi-utils	DEBUG	New add-on e10srollout@mozilla.org installed in app-system-defaults
1504607737900	DeferredSave.extensions.json	DEBUG	Starting timer
1504607737902	DeferredSave.extensions.json	DEBUG	Save changes
1504607737902	addons.xpi-utils	DEBUG	New add-on firefox@getpocket.com installed in app-system-defaults
1504607737912	DeferredSave.extensions.json	DEBUG	Save changes
1504607737912	addons.xpi-utils	DEBUG	New add-on screenshots@mozilla.org installed in app-system-defaults
1504607737920	DeferredSave.extensions.json	DEBUG	Save changes
1504607737921	addons.xpi-utils	DEBUG	New add-on webcompat@mozilla.org installed in app-system-defaults
1504607737927	DeferredSave.extensions.json	DEBUG	Save changes
1504607737927	addons.xpi-utils	DEBUG	New add-on {972ce4c6-7e08-4474-a285-3208198ce6fd} installed in app-global
1504607737931	DeferredSave.extensions.json	DEBUG	Save changes
1504607737933	addons.manager	DEBUG	Registering startup change 'installed' for aushelper@mozilla.org
1504607737942	addons.xpi	DEBUG	Loading bootstrap scope from C:\Program Files (x86)\Mozilla Firefox\browser\features\aushelper@mozilla.org.xpi
1504607737947	addons.xpi	DEBUG	Calling bootstrap method install on aushelper@mozilla.org version 2.0
1504607737947	addons.xpi-utils	DEBUG	Make addon app-system-defaults:aushelper@mozilla.org visible
1504607737948	DeferredSave.extensions.json	DEBUG	Save changes
1504607737948	addons.manager	DEBUG	Registering startup change 'installed' for e10srollout@mozilla.org
1504607737949	addons.xpi	DEBUG	Loading bootstrap scope from C:\Program Files (x86)\Mozilla Firefox\browser\features\e10srollout@mozilla.org.xpi
1504607737952	addons.xpi	DEBUG	Calling bootstrap method install on e10srollout@mozilla.org version 1.50
1504607737953	addons.xpi-utils	DEBUG	Make addon app-system-defaults:e10srollout@mozilla.org visible
1504607737954	DeferredSave.extensions.json	DEBUG	Save changes
1504607737954	addons.manager	DEBUG	Registering startup change 'installed' for firefox@getpocket.com
1504607737955	addons.xpi	DEBUG	Loading bootstrap scope from C:\Program Files (x86)\Mozilla Firefox\browser\features\firefox@getpocket.com.xpi
1504607737959	addons.xpi	DEBUG	Calling bootstrap method install on firefox@getpocket.com version 1.0.5
1504607737959	addons.xpi-utils	DEBUG	Make addon app-system-defaults:firefox@getpocket.com visible
1504607737959	DeferredSave.extensions.json	DEBUG	Save changes
1504607737959	addons.manager	DEBUG	Registering startup change 'installed' for screenshots@mozilla.org
1504607737960	addons.xpi	DEBUG	Loading bootstrap scope from C:\Program Files (x86)\Mozilla Firefox\browser\features\screenshots@mozilla.org.xpi
1504607737963	addons.xpi	DEBUG	Calling bootstrap method install on screenshots@mozilla.org version 6.6.0
1504607737963	addons.xpi-utils	DEBUG	Make addon app-system-defaults:screenshots@mozilla.org visible
1504607737963	DeferredSave.extensions.json	DEBUG	Save changes
1504607737964	addons.manager	DEBUG	Registering startup change 'installed' for webcompat@mozilla.org
1504607737964	addons.xpi	DEBUG	Loading bootstrap scope from C:\Program Files (x86)\Mozilla Firefox\browser\features\webcompat@mozilla.org.xpi
1504607737967	addons.xpi	DEBUG	Calling bootstrap method install on webcompat@mozilla.org version 1.1
1504607737967	addons.xpi-utils	DEBUG	Make addon app-system-defaults:webcompat@mozilla.org visible
1504607737968	DeferredSave.extensions.json	DEBUG	Save changes
1504607737968	addons.xpi-utils	DEBUG	Make addon app-global:{972ce4c6-7e08-4474-a285-3208198ce6fd} visible
1504607737968	DeferredSave.extensions.json	DEBUG	Save changes
1504607737968	addons.xpi	DEBUG	Updating XPIState for {"id":"aushelper@mozilla.org","syncGUID":"{8a116967-fe04-45bf-bd19-a393fbf35591}","location":"app-system-defaults","version":"2.0","type":"extension","internalName":null,"updateURL":null,"updateKey":null,"optionsURL":null,"optionsType":null,"aboutURL":null,"icons":{},"iconURL":null,"icon64URL":null,"defaultLocale":{"name":"Application Update Service Helper","description":"Sets value(s) in the update url based on custom checks.","creator":null,"homepageURL":null},"visible":true,"active":true,"userDisabled":false,"appDisabled":false,"descriptor":"C:\\Program Files (x86)\\Mozilla Firefox\\browser\\features\\aushelper@mozilla.org.xpi","installDate":1499033812357,"updateDate":1499033812357,"applyBackgroundUpdates":1,"bootstrap":true,"skinnable":false,"size":8488,"sourceURI":null,"releaseNotesURI":null,"softDisabled":false,"foreignInstall":false,"hasBinaryComponents":false,"strictCompatibility":false,"locales":[],"targetApplications":[{"id":"{ec8030f7-c20a-464f-9b0e-13a3a9e97384}","minVersion":"54.0.1","maxVersion":"54.*"}],"targetPlatforms":[],"multiprocessCompatible":true,"seen":true,"dependencies":[],"hasEmbeddedWebExtension":false,"mpcOptedOut":false,"userPermissions":null}
1504607737969	addons.xpi	DEBUG	getModTime: Recursive scan of aushelper@mozilla.org
1504607737969	addons.xpi	DEBUG	Updating XPIState for {"id":"e10srollout@mozilla.org","syncGUID":"{54179770-3e80-4245-89d8-96b61b2ed486}","location":"app-system-defaults","version":"1.50","type":"extension","internalName":null,"updateURL":null,"updateKey":null,"optionsURL":null,"optionsType":null,"aboutURL":null,"icons":{},"iconURL":null,"icon64URL":null,"defaultLocale":{"name":"Multi-process staged rollout","description":"Staged rollout of Firefox multi-process feature.","creator":null,"homepageURL":null},"visible":true,"active":true,"userDisabled":false,"appDisabled":false,"descriptor":"C:\\Program Files (x86)\\Mozilla Firefox\\browser\\features\\e10srollout@mozilla.org.xpi","installDate":1499033812332,"updateDate":1499033812332,"applyBackgroundUpdates":1,"bootstrap":true,"skinnable":false,"size":12519,"sourceURI":null,"releaseNotesURI":null,"softDisabled":false,"foreignInstall":false,"hasBinaryComponents":false,"strictCompatibility":false,"locales":[],"targetApplications":[{"id":"{ec8030f7-c20a-464f-9b0e-13a3a9e97384}","minVersion":"54.0.1","maxVersion":"54.*"}],"targetPlatforms":[],"multiprocessCompatible":true,"seen":true,"dependencies":[],"hasEmbeddedWebExtension":false,"mpcOptedOut":false,"userPermissions":null}
1504607737969	addons.xpi	DEBUG	getModTime: Recursive scan of e10srollout@mozilla.org
1504607737970	addons.xpi	DEBUG	Updating XPIState for {"id":"firefox@getpocket.com","syncGUID":"{34978801-3f08-4b00-82d6-88ebb9e9b971}","location":"app-system-defaults","version":"1.0.5","type":"extension","internalName":null,"updateURL":null,"updateKey":null,"optionsURL":null,"optionsType":null,"aboutURL":null,"icons":{},"iconURL":null,"icon64URL":null,"defaultLocale":{"name":"Pocket","description":"When you find something you want to view later, put it in Pocket.","creator":null,"homepageURL":null},"visible":true,"active":true,"userDisabled":false,"appDisabled":false,"descriptor":"C:\\Program Files (x86)\\Mozilla Firefox\\browser\\features\\firefox@getpocket.com.xpi","installDate":1499033812306,"updateDate":1499033812306,"applyBackgroundUpdates":1,"bootstrap":true,"skinnable":false,"size":913906,"sourceURI":null,"releaseNotesURI":null,"softDisabled":false,"foreignInstall":false,"hasBinaryComponents":false,"strictCompatibility":false,"locales":[],"targetApplications":[{"id":"{ec8030f7-c20a-464f-9b0e-13a3a9e97384}","minVersion":"54.0.1","maxVersion":"54.*"}],"targetPlatforms":[],"multiprocessCompatible":true,"seen":true,"dependencies":[],"hasEmbeddedWebExtension":false,"mpcOptedOut":false,"userPermissions":null}
1504607737970	addons.xpi	DEBUG	getModTime: Recursive scan of firefox@getpocket.com
1504607737970	addons.xpi	DEBUG	Updating XPIState for {"id":"screenshots@mozilla.org","syncGUID":"{4471fdbe-7cdd-421c-9c5a-f6401cf1edfb}","location":"app-system-defaults","version":"6.6.0","type":"extension","internalName":null,"updateURL":null,"updateKey":null,"optionsURL":null,"optionsType":null,"aboutURL":null,"icons":{},"iconURL":null,"icon64URL":null,"defaultLocale":{"name":"Firefox Screenshots","description":null,"creator":null,"homepageURL":"https://pageshot.net/"},"visible":true,"active":true,"userDisabled":false,"appDisabled":false,"descriptor":"C:\\Program Files (x86)\\Mozilla Firefox\\browser\\features\\screenshots@mozilla.org.xpi","installDate":1498069336875,"updateDate":1498069336875,"applyBackgroundUpdates":1,"bootstrap":true,"skinnable":false,"size":716271,"sourceURI":null,"releaseNotesURI":null,"softDisabled":false,"foreignInstall":false,"hasBinaryComponents":false,"strictCompatibility":false,"locales":[],"targetApplications":[{"id":"{ec8030f7-c20a-464f-9b0e-13a3a9e97384}","minVersion":"51.0a1","maxVersion":"*"}],"targetPlatforms":[],"multiprocessCompatible":true,"seen":true,"dependencies":[],"hasEmbeddedWebExtension":false,"mpcOptedOut":false,"userPermissions":null}
1504607737970	addons.xpi	DEBUG	getModTime: Recursive scan of screenshots@mozilla.org
1504607737971	addons.xpi	DEBUG	Updating XPIState for {"id":"webcompat@mozilla.org","syncGUID":"{4909ab90-5e6e-4823-a3d6-a88cbb84f78d}","location":"app-system-defaults","version":"1.1","type":"extension","internalName":null,"updateURL":null,"updateKey":null,"optionsURL":null,"optionsType":null,"aboutURL":null,"icons":{},"iconURL":null,"icon64URL":null,"defaultLocale":{"name":"Web Compat","description":"Urgent post-release fixes for web compatibility.","creator":null,"homepageURL":null},"visible":true,"active":true,"userDisabled":false,"appDisabled":false,"descriptor":"C:\\Program Files (x86)\\Mozilla Firefox\\browser\\features\\webcompat@mozilla.org.xpi","installDate":1499033812269,"updateDate":1499033812269,"applyBackgroundUpdates":1,"bootstrap":true,"skinnable":false,"size":9006,"sourceURI":null,"releaseNotesURI":null,"softDisabled":false,"foreignInstall":false,"hasBinaryComponents":false,"strictCompatibility":false,"locales":[],"targetApplications":[{"id":"{ec8030f7-c20a-464f-9b0e-13a3a9e97384}","minVersion":"54.0.1","maxVersion":"54.*"}],"targetPlatforms":[],"multiprocessCompatible":true,"seen":true,"dependencies":[],"hasEmbeddedWebExtension":false,"mpcOptedOut":false,"userPermissions":null}
1504607737971	addons.xpi	DEBUG	getModTime: Recursive scan of webcompat@mozilla.org
1504607737972	addons.xpi	DEBUG	Updating XPIState for {"id":"{972ce4c6-7e08-4474-a285-3208198ce6fd}","syncGUID":"{cdcb0407-c15b-49b8-8d95-8b98564e89d3}","location":"app-global","version":"54.0.1","type":"theme","internalName":"classic/1.0","updateURL":null,"updateKey":null,"optionsURL":null,"optionsType":null,"aboutURL":null,"icons":{},"iconURL":"chrome://browser/content/default-theme-icon.svg","icon64URL":null,"defaultLocale":{"name":"Default","description":"The default theme.","creator":"Mozilla","homepageURL":null,"contributors":["Mozilla Contributors"]},"visible":true,"active":true,"userDisabled":false,"appDisabled":false,"descriptor":"C:\\Program Files (x86)\\Mozilla Firefox\\browser\\extensions\\{972ce4c6-7e08-4474-a285-3208198ce6fd}.xpi","installDate":1499033812381,"updateDate":1499033812381,"applyBackgroundUpdates":1,"skinnable":true,"size":8207,"sourceURI":null,"releaseNotesURI":null,"softDisabled":false,"foreignInstall":false,"hasBinaryComponents":false,"strictCompatibility":true,"locales":[],"targetApplications":[{"id":"{ec8030f7-c20a-464f-9b0e-13a3a9e97384}","minVersion":"54.0.1","maxVersion":"54.0.1"}],"targetPlatforms":[],"seen":true,"dependencies":[],"hasEmbeddedWebExtension":false,"userPermissions":null}
1504607737972	addons.xpi	DEBUG	getModTime: Recursive scan of {972ce4c6-7e08-4474-a285-3208198ce6fd}
1504607737973	DeferredSave.extensions.json	DEBUG	Save changes
1504607737973	addons.xpi	DEBUG	Updating database with changes to installed add-ons
1504607737973	addons.xpi-utils	DEBUG	Updating add-on states
1504607737974	addons.xpi-utils	DEBUG	Writing add-ons list
1504607737978	addons.xpi	DEBUG	Registering manifest for C:\Program Files (x86)\Mozilla Firefox\browser\features\aushelper@mozilla.org.xpi
1504607737978	addons.xpi	DEBUG	Calling bootstrap method startup on aushelper@mozilla.org version 2.0
1504607737980	addons.xpi	DEBUG	Registering manifest for C:\Program Files (x86)\Mozilla Firefox\browser\features\e10srollout@mozilla.org.xpi
1504607737981	addons.xpi	DEBUG	Calling bootstrap method startup on e10srollout@mozilla.org version 1.50
1504607737981	addons.xpi	DEBUG	Registering manifest for C:\Program Files (x86)\Mozilla Firefox\browser\features\firefox@getpocket.com.xpi
1504607737982	addons.xpi	DEBUG	Calling bootstrap method startup on firefox@getpocket.com version 1.0.5
1504607737983	addons.xpi	DEBUG	Registering manifest for C:\Program Files (x86)\Mozilla Firefox\browser\features\screenshots@mozilla.org.xpi
1504607737984	addons.xpi	DEBUG	Calling bootstrap method startup on screenshots@mozilla.org version 6.6.0
1504607737984	addons.xpi	DEBUG	Registering manifest for C:\Program Files (x86)\Mozilla Firefox\browser\features\webcompat@mozilla.org.xpi
1504607737985	addons.xpi	DEBUG	Calling bootstrap method startup on webcompat@mozilla.org version 1.1
1504607737992	addons.manager	DEBUG	Registering shutdown blocker for XPIProvider
1504607737993	addons.manager	DEBUG	Provider finished startup: XPIProvider
1504607737994	addons.manager	DEBUG	Starting provider: LightweightThemeManager
1504607737994	addons.manager	DEBUG	Registering shutdown blocker for LightweightThemeManager
1504607737994	addons.manager	DEBUG	Provider finished startup: LightweightThemeManager
1504607737995	addons.manager	DEBUG	Starting provider: GMPProvider
1504607738001	addons.manager	DEBUG	Registering shutdown blocker for GMPProvider
1504607738002	addons.manager	DEBUG	Provider finished startup: GMPProvider
1504607738002	addons.manager	DEBUG	Starting provider: PluginProvider
1504607738002	addons.manager	DEBUG	Registering shutdown blocker for PluginProvider
1504607738002	addons.manager	DEBUG	Provider finished startup: PluginProvider
1504607738003	addons.manager	DEBUG	Completed startup sequence
1504607741269	addons.manager	DEBUG	Starting provider: <unnamed-provider>
1504607741270	addons.manager	DEBUG	Registering shutdown blocker for <unnamed-provider>
1504607741271	addons.manager	DEBUG	Provider finished startup: <unnamed-provider>
1504607741365	addons.manager	DEBUG	Starting provider: PreviousExperimentProvider
1504607741365	addons.manager	DEBUG	Registering shutdown blocker for PreviousExperimentProvider
1504607741366	addons.manager	DEBUG	Provider finished startup: PreviousExperimentProvider
1504607741376	DeferredSave.extensions.json	DEBUG	Starting write
1504607741763	DeferredSave.extensions.json	DEBUG	Write succeeded
1504607741765	addons.xpi-utils	DEBUG	XPI Database saved, setting schema version preference to 19
1504607744241	Marionette	INFO	Listening on port 51569
1504607744555	Marionette	WARN	TLS certificate errors will be ignored for this session
1504607744649	Marionette	DEBUG	loaded listener.js
1504607744673	Marionette	DEBUG	Received DOM event "beforeunload" for "about:blank"
1504607746119	Marionette	DEBUG	Received DOM event "pagehide" for "about:blank"
1504607746120	Marionette	DEBUG	Received DOM event "unload" for "about:blank"
1504607747331	Marionette	DEBUG	Received DOM event "DOMContentLoaded" for "https://twitter.com/search?l=&q=%23JakartaFlood%20since%3A2013-01-15%20until%3A2013-01-25&src=typd&lang=en"
1504607747461	Marionette	DEBUG	Received DOM event "DOMContentLoaded" for "https://twitter.com/search?l=&q=%23JakartaFlood%20since%3A2013-01-15%20until%3A2013-01-25&src=typd&lang=en"
1504607747614	Marionette	DEBUG	Received DOM event "pageshow" for "https://twitter.com/search?l=&q=%23JakartaFlood%20since%3A2013-01-15%20until%3A2013-01-25&src=typd&lang=en"
1504607747632	Marionette	DEBUG	Received DOM event "DOMContentLoaded" for "https://twitter.com/search?l=&q=%23JakartaFlood%20since%3A2013-01-15%20until%3A2013-01-25&src=typd&lang=en"
1504607747634	Marionette	DEBUG	Received DOM event "pageshow" for "https://twitter.com/search?l=&q=%23JakartaFlood%20since%3A2013-01-15%20until%3A2013-01-25&src=typd&lang=en"
1504607747635	Marionette	DEBUG	Received DOM event "DOMContentLoaded" for "https://twitter.com/search?l=&q=%23JakartaFlood%20since%3A2013-01-15%20until%3A2013-01-25&src=typd&lang=en"
1504607747637	Marionette	DEBUG	Received DOM event "pageshow" for "https://twitter.com/search?l=&q=%23JakartaFlood%20since%3A2013-01-15%20until%3A2013-01-25&src=typd&lang=en"
1504607747638	Marionette	DEBUG	Received DOM event "DOMContentLoaded" for "https://twitter.com/search?l=&q=%23JakartaFlood%20since%3A2013-01-15%20until%3A2013-01-25&src=typd&lang=en"
1504607747639	Marionette	DEBUG	Received DOM event "pageshow" for "https://twitter.com/search?l=&q=%23JakartaFlood%20since%3A2013-01-15%20until%3A2013-01-25&src=typd&lang=en"
1504607747639	Marionette	DEBUG	Received DOM event "DOMContentLoaded" for "https://twitter.com/search?l=&q=%23JakartaFlood%20since%3A2013-01-15%20until%3A2013-01-25&src=typd&lang=en"
1504607747640	Marionette	DEBUG	Received DOM event "pageshow" for "https://twitter.com/search?l=&q=%23JakartaFlood%20since%3A2013-01-15%20until%3A2013-01-25&src=typd&lang=en"
1504607747641	Marionette	DEBUG	Received DOM event "DOMContentLoaded" for "https://twitter.com/search?l=&q=%23JakartaFlood%20since%3A2013-01-15%20until%3A2013-01-25&src=typd&lang=en"
1504607747641	Marionette	DEBUG	Received DOM event "pageshow" for "https://twitter.com/search?l=&q=%23JakartaFlood%20since%3A2013-01-15%20until%3A2013-01-25&src=typd&lang=en"
1504607747641	Marionette	DEBUG	Received DOM event "DOMContentLoaded" for "https://twitter.com/search?l=&q=%23JakartaFlood%20since%3A2013-01-15%20until%3A2013-01-25&src=typd&lang=en"
1504607747642	Marionette	DEBUG	Received DOM event "pageshow" for "https://twitter.com/search?l=&q=%23JakartaFlood%20since%3A2013-01-15%20until%3A2013-01-25&src=typd&lang=en"
1504607750328	Marionette	DEBUG	Received DOM event "pageshow" for "https://twitter.com/search?l=&q=%23JakartaFlood%20since%3A2013-01-15%20until%3A2013-01-25&src=typd&lang=en"
893	Marionette	DEBUG	Received DOM event "pageshow" for "https://twitter.com/search?l=&q=%23JakartaFlood%20since%3A2013-01-15%20until%3A2013-01-25&src=typd&lang=en"
tte	DEBUG	Received DOM event "DOMContentLoaded" for "https://twitter.com/search?l=&q=%23JakartaFlood%20since%3A2013-01-15%20until%3A2013-01-25&src=typd&lang=en"
1504606843721	Marionette	DEBUG	Received DOM event "pageshow" for "https://twitter.com/search?l=&q=%23JakartaFlood%20since%3A2013-01-15%20until%3A2013-01-25&src=typd&lang=en"
